{
  "RSpec": {
    "coverage": {
      "/Users/kwabenasmac/Desktop/Desktop_MacBook_Pro/Makers/Projects/end_of_unit_challenges/week_6_databases/chitter-challenge-apprenticeships/app.rb": {
        "lines": [
          1,
          1,
          null,
          1,
          1,
          1,
          null,
          null,
          1,
          1,
          1,
          null,
          null,
          1,
          null,
          2,
          null,
          2,
          null,
          null,
          1,
          1,
          null,
          null,
          1,
          1,
          1,
          null,
          null,
          null,
          1,
          null
        ]
      },
      "/Users/kwabenasmac/Desktop/Desktop_MacBook_Pro/Makers/Projects/end_of_unit_challenges/week_6_databases/chitter-challenge-apprenticeships/lib/peep.rb": {
        "lines": [
          1,
          null,
          1,
          1,
          3,
          3,
          null,
          0,
          null,
          null,
          3,
          5,
          null,
          null,
          1,
          2,
          2,
          null,
          0,
          null,
          null,
          2,
          null,
          null
        ]
      },
      "/Users/kwabenasmac/Desktop/Desktop_MacBook_Pro/Makers/Projects/end_of_unit_challenges/week_6_databases/chitter-challenge-apprenticeships/spec/features/adding_peeps_spec.rb": {
        "lines": [
          null,
          1,
          1,
          1,
          null,
          1,
          1,
          null,
          null,
          1,
          null,
          null
        ]
      },
      "/Users/kwabenasmac/Desktop/Desktop_MacBook_Pro/Makers/Projects/end_of_unit_challenges/week_6_databases/chitter-challenge-apprenticeships/spec/features/test_page_spec.rb": {
        "lines": [
          1,
          1,
          1,
          1,
          null,
          null
        ]
      },
      "/Users/kwabenasmac/Desktop/Desktop_MacBook_Pro/Makers/Projects/end_of_unit_challenges/week_6_databases/chitter-challenge-apprenticeships/spec/peep_spec.rb": {
        "lines": [
          1,
          null,
          1,
          1,
          1,
          1,
          1,
          null,
          1,
          1,
          null,
          null,
          null,
          1,
          1,
          1,
          null,
          1,
          null,
          1,
          null,
          null,
          null
        ]
      },
      "/Users/kwabenasmac/Desktop/Desktop_MacBook_Pro/Makers/Projects/end_of_unit_challenges/week_6_databases/chitter-challenge-apprenticeships/spec/viewing_peeps_spec.rb": {
        "lines": [
          1,
          null,
          1,
          1,
          1,
          1,
          null,
          null,
          null,
          1,
          1,
          1,
          1,
          null,
          1,
          1,
          null,
          null
        ]
      }
    },
    "timestamp": 1617701840
  }
}
